Added Component: Designator=*(TO-220AB)
Add component (AddParameter): Name = "Part Number"; Value = "IRF3205"; VariantName = "[No Variations]"
Added Component: Designator=*(TO-220AB)
Add component (AddParameter): Name = "Part Number"; Value = "IRF3205"; VariantName = "[No Variations]"
Added Component: Designator=DD1(TQFP32_N)
Add component (AddParameter): Name = "Digi-Key Part Number"; Value = "ATMEGA328PB-AU-ND"; VariantName = "[No Variations]"
Add component (AddParameter): Name = "HelpURL"; Value = "https://www.digikey.com/product-detail/en/microchip-technology/ATMEGA328PB-AU/ATMEGA328PB-AU-ND/5638812"; VariantName = "[No Variations]"
Add component (AddParameter): Name = "Manufacturer Part Number"; Value = "ATMEGA328PB-AU"; VariantName = "[No Variations]"
Add component (AddParameter): Name = "Part Number"; Value = "ATMEGA328"; VariantName = "[No Variations]"
Added Component: Designator=G1(CSTNE_G)
Add component (AddParameter): Name = "Digi-Key Part Number"; Value = "490-17958-1-ND"; VariantName = "[No Variations]"
Add component (AddParameter): Name = "HelpURL"; Value = "https://www.mouser.com/ProductDetail/Murata-Electronics/CSTNE8M00G550000R0?qs=sGAEpiMZZMsBj6bBr9Q9aZiWbAMN9VKZL2sPd%252BqabYTr9Kzmh3hi1Q%3D%3D"; VariantName = "[No Variations]"
Add component (AddParameter): Name = "Manufacturer Part Number"; Value = "CSTNE8M00G550000R0"; VariantName = "[No Variations]"
Add component (AddParameter): Name = "Mouser Part Number"; Value = "81-CSTNE8M00G550000R"; VariantName = "[No Variations]"
Add component (AddParameter): Name = "Package"; Value = "SMD-3pin"; VariantName = "[No Variations]"
Add component (AddParameter): Name = "Part Number"; Value = "CSTNE8M00G550000R0"; VariantName = "[No Variations]"
Add component (AddParameter): Name = "Price$"; Value = "0.148"; VariantName = "[No Variations]"
Added Component: Designator=IC?(DIP762W60P254L458H400Q4N)
Add component (AddParameter): Name = "Arrow Part Number"; Value = ""; VariantName = "[No Variations]"
Add component (AddParameter): Name = "Arrow Price/Stock"; Value = ""; VariantName = "[No Variations]"
Add component (AddParameter): Name = "Datasheet Link"; Value = "https://datasheet.datasheetarchive.com/originals/distributors/Datasheets_SAMA/458e45842a103a05998fcebbd6f7366e.pdf"; VariantName = "[No Variations]"
Add component (AddParameter): Name = "Height"; Value = "4mm"; VariantName = "[No Variations]"
Add component (AddParameter): Name = "Manufacturer_Name"; Value = "Sharp Microelectronics"; VariantName = "[No Variations]"
Add component (AddParameter): Name = "Manufacturer_Part_Number"; Value = "PC817X2NSZ0F"; VariantName = "[No Variations]"
Add component (AddParameter): Name = "Mouser Part Number"; Value = "N/A"; VariantName = "[No Variations]"
Add component (AddParameter): Name = "Mouser Price/Stock"; Value = "https://www.mouser.co.uk/ProductDetail/Sharp-Microelectronics/PC817X2NSZ0F?qs=6kT3pPPHxnU7uYWM8Yy85A%3D%3D"; VariantName = "[No Variations]"
Add component (AddParameter): Name = "Mouser Testing Part Number"; Value = ""; VariantName = "[No Variations]"
Add component (AddParameter): Name = "Mouser Testing Price/Stock"; Value = ""; VariantName = "[No Variations]"
Added Component: Designator=IC?(DIP762W51P254L851H508Q6N)
Add component (AddParameter): Name = "Arrow Part Number"; Value = "MOC3023M"; VariantName = "[No Variations]"
Add component (AddParameter): Name = "Arrow Price/Stock"; Value = "https://www.arrow.com/en/products/moc3023m/on-semiconductor?region=europe"; VariantName = "[No Variations]"
Add component (AddParameter): Name = "Datasheet Link"; Value = "https://www.onsemi.com/pub/Collateral/MOC3023M-D.PDF"; VariantName = "[No Variations]"
Add component (AddParameter): Name = "Height"; Value = "5.08mm"; VariantName = "[No Variations]"
Add component (AddParameter): Name = "Manufacturer_Name"; Value = "onsemi"; VariantName = "[No Variations]"
Add component (AddParameter): Name = "Manufacturer_Part_Number"; Value = "MOC3023M"; VariantName = "[No Variations]"
Add component (AddParameter): Name = "Mouser Part Number"; Value = "512-MOC3023M"; VariantName = "[No Variations]"
Add component (AddParameter): Name = "Mouser Price/Stock"; Value = "https://www.mouser.co.uk/ProductDetail/ON-Semiconductor-Fairchild/MOC3023M?qs=yRUxxYa83cjcpuqK%2Fq2htA%3D%3D"; VariantName = "[No Variations]"
Add component (AddParameter): Name = "Mouser Testing Part Number"; Value = ""; VariantName = "[No Variations]"
Add component (AddParameter): Name = "Mouser Testing Price/Stock"; Value = ""; VariantName = "[No Variations]"
Added Component: Designator=Q?(TO-220AB)
Add component (AddParameter): Name = "ComponentLink1Description"; Value = "Manufacturer Link"; VariantName = "[No Variations]"
Add component (AddParameter): Name = "ComponentLink1URL"; Value = "http://www.irf.com/"; VariantName = "[No Variations]"
Add component (AddParameter): Name = "ComponentLink2Description"; Value = "Datasheet"; VariantName = "[No Variations]"
Add component (AddParameter): Name = "ComponentLink2URL"; Value = "http://www.irf.com/product-info/datasheets/data/irf9z34n.pdf"; VariantName = "[No Variations]"
Add component (AddParameter): Name = "DatasheetVersion"; Value = "Aug-1997"; VariantName = "[No Variations]"
Add component (AddParameter): Name = "HelpURL"; Value = "http://datasheet.octopart.com/IRF9Z34N-International-Rectifier-datasheet-7830620.pdf"; VariantName = "[No Variations]"
Add component (AddParameter): Name = "LatestRevisionDate"; Value = "17-Jul-2002"; VariantName = "[No Variations]"
Add component (AddParameter): Name = "LatestRevisionNote"; Value = "Re-released for DXP Platform."; VariantName = "[No Variations]"
Add component (AddParameter): Name = "Note"; Value = "Pin 2 is electrically connected to pin 4."; VariantName = "[No Variations]"
Add component (AddParameter): Name = "PackageDescription"; Value = "TO, Thru-Hole, Vertical, Heatsink Mounted; 3 In-Line Leads; Pitch 2.54 mm"; VariantName = "[No Variations]"
Add component (AddParameter): Name = "PackageReference"; Value = "TO-220AB"; VariantName = "[No Variations]"
Add component (AddParameter): Name = "PackageVersion"; Value = "Feb-1997"; VariantName = "[No Variations]"
Add component (AddParameter): Name = "Part Number"; Value = "IRF9Z34N"; VariantName = "[No Variations]"
Add component (AddParameter): Name = "Published"; Value = "8-Jun-2000"; VariantName = "[No Variations]"
Add component (AddParameter): Name = "Publisher"; Value = "Altium Limited"; VariantName = "[No Variations]"
Added Component: Designator=Q?(TO-220AB)
Add component (AddParameter): Name = "ComponentLink1Description"; Value = "Manufacturer Link"; VariantName = "[No Variations]"
Add component (AddParameter): Name = "ComponentLink1URL"; Value = "http://www.irf.com/"; VariantName = "[No Variations]"
Add component (AddParameter): Name = "ComponentLink2Description"; Value = "Datasheet"; VariantName = "[No Variations]"
Add component (AddParameter): Name = "ComponentLink2URL"; Value = "http://www.irf.com/product-info/datasheets/data/irf9z34n.pdf"; VariantName = "[No Variations]"
Add component (AddParameter): Name = "DatasheetVersion"; Value = "Aug-1997"; VariantName = "[No Variations]"
Add component (AddParameter): Name = "HelpURL"; Value = "http://datasheet.octopart.com/IRF9Z34N-International-Rectifier-datasheet-7830620.pdf"; VariantName = "[No Variations]"
Add component (AddParameter): Name = "LatestRevisionDate"; Value = "17-Jul-2002"; VariantName = "[No Variations]"
Add component (AddParameter): Name = "LatestRevisionNote"; Value = "Re-released for DXP Platform."; VariantName = "[No Variations]"
Add component (AddParameter): Name = "Note"; Value = "Pin 2 is electrically connected to pin 4."; VariantName = "[No Variations]"
Add component (AddParameter): Name = "PackageDescription"; Value = "TO, Thru-Hole, Vertical, Heatsink Mounted; 3 In-Line Leads; Pitch 2.54 mm"; VariantName = "[No Variations]"
Add component (AddParameter): Name = "PackageReference"; Value = "TO-220AB"; VariantName = "[No Variations]"
Add component (AddParameter): Name = "PackageVersion"; Value = "Feb-1997"; VariantName = "[No Variations]"
Add component (AddParameter): Name = "Part Number"; Value = "IRF9Z34N"; VariantName = "[No Variations]"
Add component (AddParameter): Name = "Published"; Value = "8-Jun-2000"; VariantName = "[No Variations]"
Add component (AddParameter): Name = "Publisher"; Value = "Altium Limited"; VariantName = "[No Variations]"
Added Component: Designator=Q?(TO-220AB)
Add component (AddParameter): Name = "Part Number"; Value = "BTA08"; VariantName = "[No Variations]"
Added Component: Designator=VT?(TO-92A)
Add component (AddParameter): Name = "HelpURL"; Value = "https://lib.chipdip.ru/238/DOC000238553.pdf"; VariantName = "[No Variations]"
Add component (AddParameter): Name = "Part Number"; Value = "KSP2222A"; VariantName = "[No Variations]"
Added Component: Designator=VT?(TO-92A)
Add component (AddParameter): Name = "HelpURL"; Value = "https://lib.chipdip.ru/238/DOC000238553.pdf"; VariantName = "[No Variations]"
Add component (AddParameter): Name = "Part Number"; Value = "KSP2222A"; VariantName = "[No Variations]"
Added Component: Designator=VT?(TO-92A)
Add component (AddParameter): Name = "HelpURL"; Value = "https://lib.chipdip.ru/238/DOC000238553.pdf"; VariantName = "[No Variations]"
Add component (AddParameter): Name = "Part Number"; Value = "KSP2222A"; VariantName = "[No Variations]"
Added Pin To Net: NetName=GND Pin=DD1-3
Added Pin To Net: NetName=5V Pin=DD1-4
Added Pin To Net: NetName=GND Pin=DD1-5
Added Pin To Net: NetName=5V Pin=DD1-6
Added Pin To Net: NetName=NetDD1_7 Pin=DD1-7
Added Pin To Net: NetName=NetDD1_8 Pin=DD1-8
Added Pin To Net: NetName=5V Pin=DD1-18
Added Pin To Net: NetName=GND Pin=DD1-21
Added Pin To Net: NetName=NetDD1_8 Pin=G1-1
Added Pin To Net: NetName=GND Pin=G1-2
Added Pin To Net: NetName=NetDD1_7 Pin=G1-3
Added Member To Class: ClassName=Main board Member=Component * IRF3205
Added Member To Class: ClassName=Main board Member=Component * IRF3205
Added Member To Class: ClassName=Main board Member=Component DD1 '
Added Member To Class: ClassName=Main board Member=Component G1 8MHz 33pF
Added Member To Class: ClassName=Main board Member=Component IC? PC817X2NSZ0F
Added Member To Class: ClassName=Main board Member=Component IC? MOC3023M
Added Member To Class: ClassName=Main board Member=Component Q? IRF9Z34N
Added Member To Class: ClassName=Main board Member=Component Q? IRF9Z34N
Added Member To Class: ClassName=Main board Member=Component Q? Triac
Added Member To Class: ClassName=Main board Member=Component VT? KSP2222A
Added Member To Class: ClassName=Main board Member=Component VT? KSP2222A
Added Member To Class: ClassName=Main board Member=Component VT? KSP2222A
