Removed Pin From Net: NetName=GND Pin=SB1-3
Removed Pin From Net: NetName=GND Pin=SB1-4
Removed Pin From Net: NetName=GND Pin=SB2-3
Removed Pin From Net: NetName=GND Pin=SB2-4
Removed Pin From Net: NetName=GND Pin=XP1-2
Removed Pin From Net: NetName=GND Pin=XP1-4
Removed Pin From Net: NetName=NetSB1_1 Pin=XP1-6
Added Component: Designator=DD1(TQFP32_N)
Add component (AddParameter): Name = "Digi-Key Part Number"; Value = "ATMEGA328PB-AU-ND"; VariantName = "[No Variations]"
Add component (AddParameter): Name = "HelpURL"; Value = "https://www.digikey.com/product-detail/en/microchip-technology/ATMEGA328PB-AU/ATMEGA328PB-AU-ND/5638812"; VariantName = "[No Variations]"
Add component (AddParameter): Name = "Manufacturer Part Number"; Value = "ATMEGA328PB-AU"; VariantName = "[No Variations]"
Add component (AddParameter): Name = "Part Number"; Value = "ATMEGA328"; VariantName = "[No Variations]"
Added Component: Designator=G1(CSTNE_G)
Add component (AddParameter): Name = "Digi-Key Part Number"; Value = "490-17958-1-ND"; VariantName = "[No Variations]"
Add component (AddParameter): Name = "HelpURL"; Value = "https://www.mouser.com/ProductDetail/Murata-Electronics/CSTNE8M00G550000R0?qs=sGAEpiMZZMsBj6bBr9Q9aZiWbAMN9VKZL2sPd%252BqabYTr9Kzmh3hi1Q%3D%3D"; VariantName = "[No Variations]"
Add component (AddParameter): Name = "Manufacturer Part Number"; Value = "CSTNE8M00G550000R0"; VariantName = "[No Variations]"
Add component (AddParameter): Name = "Mouser Part Number"; Value = "81-CSTNE8M00G550000R"; VariantName = "[No Variations]"
Add component (AddParameter): Name = "Package"; Value = "SMD-3pin"; VariantName = "[No Variations]"
Add component (AddParameter): Name = "Part Number"; Value = "CSTNE8M00G550000R0"; VariantName = "[No Variations]"
Add component (AddParameter): Name = "Price$"; Value = "0.148"; VariantName = "[No Variations]"
Added Pin To Net: NetName=5V Pin=DD1-4
Added Pin To Net: NetName=5V Pin=DD1-6
Added Pin To Net: NetName=NetDD1_7 Pin=DD1-7
Added Pin To Net: NetName=NetDD1_8 Pin=DD1-8
Added Pin To Net: NetName=5V Pin=DD1-18
Added Pin To Net: NetName=GND Pin=DD1-21
Added Pin To Net: NetName=NetDD1_8 Pin=G1-1
Added Pin To Net: NetName=NetDD1_7 Pin=G1-3
Added Pin To Net: NetName=NetSB1_1 Pin=SB2-1
Added Pin To Net: NetName=GND Pin=SB2-2
Added Pin To Net: NetName=NetSB1_1 Pin=XP1-2
Added Pin To Net: NetName=NetSB1_1 Pin=XP1-4
Added Pin To Net: NetName=NetSB1_3 Pin=SB1-3
Added Pin To Net: NetName=NetSB1_3 Pin=SB1-4
Added Pin To Net: NetName=NetSB1_3 Pin=XP1-6
Added Net: Name=NetSB1_3
Added Pin To Net: NetName=NetSB2_3 Pin=SB2-3
Added Pin To Net: NetName=NetSB2_3 Pin=XP1-8
Added Net: Name=NetSB2_3
Added Member To Class: ClassName=Main board Member=Component DD1 '
Added Member To Class: ClassName=Main board Member=Component G1 8MHz 33pF
